2025-08-05 10:19:06 - CLMS_CLCplus_RASTER_2023 : QUERY - Exists, skipping    
2025-08-05 10:19:06 - CLMS_CLCplus_RASTER_2023confidence : QUERY - Exists, skipping    
2025-08-05 10:19:06 - CLMS_TCF_TreeDensity_RASTER_2021 : QUERY - Exists, skipping    
2025-08-05 10:19:06 - CLMS_TCF_TreeDensity_RASTER_2021_Conf : QUERY - Exists, skipping    
2025-08-05 10:19:06 - CLMS_TCF_DominantLeafType_RASTER_2021 : QUERY - Exists, skipping    
2025-08-05 10:19:06 - CLMS_TCF_DominantLeafType_RASTER_2021_Conf : QUERY - Exists, skipping    
2025-08-05 10:19:06 - CLMS_CropTypes_RASTER_2021 : QUERY - Exists, skipping    
2025-08-05 10:19:06 - CLMS_CropTypes_RASTER_2021_Conf : QUERY - Exists, skipping    
2025-08-05 10:19:06 - CLMS_Grassland_RASTER_2021 : QUERY - Exists, skipping    
2025-08-05 10:19:06 - CLMS_Grassland_RASTER_2021_Conf : QUERY - Exists, skipping    
2025-08-05 10:19:06 - CLMS_CLCplus_RASTER_2023 :  DOWNLOAD -  799  already done out of  799   
2025-08-05 10:19:06 - CLMS_CLCplus_RASTER_2023 : DOWNLOAD - All Done !=======   
2025-08-05 10:19:06 - CLMS_CLCplus_RASTER_2023confidence :  DOWNLOAD -  799  already done out of  799   
2025-08-05 10:19:06 - CLMS_CLCplus_RASTER_2023confidence : DOWNLOAD - All Done !=======   
2025-08-05 10:19:06 - CLMS_TCF_TreeDensity_RASTER_2021 :  DOWNLOAD -  799  already done out of  799   
2025-08-05 10:19:06 - CLMS_TCF_TreeDensity_RASTER_2021 : DOWNLOAD - All Done !=======   
2025-08-05 10:19:06 - CLMS_TCF_TreeDensity_RASTER_2021_Conf :  DOWNLOAD -  799  already done out of  799   
2025-08-05 10:19:06 - CLMS_TCF_TreeDensity_RASTER_2021_Conf : DOWNLOAD - All Done !=======   
2025-08-05 10:19:06 - CLMS_TCF_DominantLeafType_RASTER_2021 :  DOWNLOAD -  799  already done out of  799   
2025-08-05 10:19:06 - CLMS_TCF_DominantLeafType_RASTER_2021 : DOWNLOAD - All Done !=======   
2025-08-05 10:19:06 - CLMS_TCF_DominantLeafType_RASTER_2021_Conf :  DOWNLOAD -  799  already done out of  799   
2025-08-05 10:19:06 - CLMS_TCF_DominantLeafType_RASTER_2021_Conf : DOWNLOAD - All Done !=======   
2025-08-05 10:19:06 - CLMS_CropTypes_RASTER_2021 :  DOWNLOAD -  799  already done out of  799   
2025-08-05 10:19:06 - CLMS_CropTypes_RASTER_2021 : DOWNLOAD - All Done !=======   
2025-08-05 10:19:06 - CLMS_CropTypes_RASTER_2021_Conf :  DOWNLOAD -  850  already done out of  850   
2025-08-05 10:19:06 - CLMS_CropTypes_RASTER_2021_Conf : DOWNLOAD - All Done !=======   
2025-08-05 10:19:06 - CLMS_SurfaceSoilMoisture_2024 :  DOWNLOAD -  732  already done out of  732   
2025-08-05 10:19:06 - CLMS_SurfaceSoilMoisture_2024 : DOWNLOAD - All Done !=======   
2025-08-05 10:19:06 - CLMS_Grassland_RASTER_2021 :  DOWNLOAD -  799  already done out of  799   
2025-08-05 10:19:06 - CLMS_Grassland_RASTER_2021 : DOWNLOAD - All Done !=======   
2025-08-05 10:19:07 - CLMS_Grassland_RASTER_2021_Conf :  DOWNLOAD -  799  already done out of  799   
2025-08-05 10:19:07 - CLMS_Grassland_RASTER_2021_Conf : DOWNLOAD - All Done !=======   
