2025-08-03 18:42:22 - ===================== STEP 3 UNZIP ==============   
2025-08-03 18:42:53 - CLMS_CLCplus_RASTER_2023 ...unzipping all in  /archivio/shared/geodati/raster/CLMS_CLCplus_RASTER_2023/TIFFs  and keeping only tif files   
2025-08-03 18:42:53 - CLMS_CLCplus_RASTER_2023 : UNZIP - NO ZIPS TO UNZIP   
2025-08-03 18:42:53 - CLMS_CLCplus_RASTER_2023 : Removing XMLs   
2025-08-03 18:42:53 - CLMS_CLCplus_RASTER_2023 : Creating VRT!   
2025-08-03 18:42:57 - CLMS_CLCplus_RASTER_2023confidence ...unzipping all in  /archivio/shared/geodati/raster/CLMS_CLCplus_RASTER_2023confidence/TIFFs  and keeping only tif files   
2025-08-03 18:42:57 - CLMS_CLCplus_RASTER_2023confidence : UNZIP - NO ZIPS TO UNZIP   
2025-08-03 18:42:57 - CLMS_CLCplus_RASTER_2023confidence : Removing XMLs   
2025-08-03 18:42:57 - CLMS_CLCplus_RASTER_2023confidence : Creating VRT!   
2025-08-03 18:42:59 - CLMS_TCF_TreeDensity_RASTER_2021 ...unzipping all in  /archivio/shared/geodati/raster/CLMS_TCF_TreeDensity_RASTER_2021/TIFFs  and keeping only tif files   
2025-08-03 18:43:21 - CLMS_TCF_TreeDensity_RASTER_2021 : UNZIP - NO ZIPS TO UNZIP   
2025-08-03 18:43:21 - CLMS_TCF_TreeDensity_RASTER_2021 : Removing XMLs   
2025-08-03 18:43:21 - CLMS_TCF_TreeDensity_RASTER_2021 : Creating VRT!   
2025-08-03 18:43:22 - CLMS_TCF_TreeDensity_RASTER_2021_Conf ...unzipping all in  /archivio/shared/geodati/raster/CLMS_TCF_TreeDensity_RASTER_2021_Conf/TIFFs  and keeping only tif files   
2025-08-03 18:44:33 - CLMS_TCF_TreeDensity_RASTER_2021_Conf : UNZIP - NO ZIPS TO UNZIP   
2025-08-03 18:44:33 - CLMS_TCF_TreeDensity_RASTER_2021_Conf : Removing XMLs   
2025-08-03 18:44:33 - CLMS_TCF_TreeDensity_RASTER_2021_Conf : Creating VRT!   
2025-08-03 18:44:35 - CLMS_TCF_DominantLeafType_RASTER_2021 ...unzipping all in  /archivio/shared/geodati/raster/CLMS_TCF_DominantLeafType_RASTER_2021/TIFFs  and keeping only tif files   
2025-08-03 18:45:16 - CLMS_TCF_DominantLeafType_RASTER_2021 : UNZIP - NO ZIPS TO UNZIP   
2025-08-03 18:45:16 - CLMS_TCF_DominantLeafType_RASTER_2021 : Removing XMLs   
2025-08-03 18:45:16 - CLMS_TCF_DominantLeafType_RASTER_2021 : Creating VRT!   
2025-08-03 18:45:17 - CLMS_TCF_DominantLeafType_RASTER_2021_Conf ...unzipping all in  /archivio/shared/geodati/raster/CLMS_TCF_DominantLeafType_RASTER_2021_Conf/TIFFs  and keeping only tif files   
2025-08-03 18:45:22 - CLMS_TCF_DominantLeafType_RASTER_2021_Conf : UNZIP - NO ZIPS TO UNZIP   
2025-08-03 18:45:22 - CLMS_TCF_DominantLeafType_RASTER_2021_Conf : Removing XMLs   
2025-08-03 18:45:22 - CLMS_TCF_DominantLeafType_RASTER_2021_Conf : Creating VRT!   
2025-08-03 18:45:24 - CLMS_CropTypes_RASTER_2021 ...unzipping all in  /archivio/shared/geodati/raster/CLMS_CropTypes_RASTER_2021/TIFFs  and keeping only tif files   
2025-08-03 18:46:18 - CLMS_CropTypes_RASTER_2021 : UNZIP - NO ZIPS TO UNZIP   
2025-08-03 18:46:38 - CLMS_CropTypes_RASTER_2021 : Removing XMLs   
2025-08-03 18:46:38 - CLMS_CropTypes_RASTER_2021 : Creating VRT!   
2025-08-03 18:46:42 - CLMS_CropTypes_RASTER_2021_Conf ...unzipping all in  /archivio/shared/geodati/raster/CLMS_CropTypes_RASTER_2021_Conf/TIFFs  and keeping only tif files   
2025-08-03 18:47:37 - CLMS_CropTypes_RASTER_2021_Conf : UNZIPPING  552  ZIPs   
2025-08-03 18:48:34 - CLMS_CropTypes_RASTER_2021_Conf : Removing XMLs   
2025-08-03 18:48:34 - CLMS_CropTypes_RASTER_2021_Conf : Creating VRT!   
2025-08-03 18:48:38 - CLMS_SurfaceSoilMoisture_2024 ...unzipping all in  /archivio/shared/geodati/raster/CLMS_SurfaceSoilMoisture_2024/TIFFs  and keeping only tif files   
2025-08-03 18:48:38 - CLMS_SurfaceSoilMoisture_2024 : UNZIP - NO ZIPS TO UNZIP   
2025-08-03 18:48:58 - CLMS_SurfaceSoilMoisture_2024 : UNZIP -   732  missing files to download!   
2025-08-03 18:48:58 - CLMS_Grassland_RASTER_2021 ...unzipping all in  /archivio/shared/geodati/raster/CLMS_Grassland_RASTER_2021/TIFFs  and keeping only tif files   
2025-08-03 18:48:58 - CLMS_Grassland_RASTER_2021 : UNZIPPING  799  ZIPs   
2025-08-03 18:50:11 - CLMS_Grassland_RASTER_2021 : Removing XMLs   
2025-08-03 18:50:11 - CLMS_Grassland_RASTER_2021 : Creating VRT!   
2025-08-03 18:50:13 - CLMS_Grassland_RASTER_2021_Conf ...unzipping all in  /archivio/shared/geodati/raster/CLMS_Grassland_RASTER_2021_Conf/TIFFs  and keeping only tif files   
2025-08-03 18:50:51 - CLMS_Grassland_RASTER_2021_Conf : UNZIPPING  799  ZIPs   
2025-08-03 18:51:48 - CLMS_Grassland_RASTER_2021_Conf : Removing XMLs   
2025-08-03 18:51:48 - CLMS_Grassland_RASTER_2021_Conf : Creating VRT!   
2025-08-03 19:43:26 - CLMS_CLCplus_RASTER_2023  STEP 4 tif and overviews ==============   
2025-08-03 19:43:26 - CLMS_CLCplus_RASTER_2023 : Final file TIF EXISTS   
2025-08-03 19:43:26 - CLMS_CLCplus_RASTER_2023confidence  STEP 4 tif and overviews ==============   
2025-08-03 19:43:26 - CLMS_CLCplus_RASTER_2023confidence : Final file TIF EXISTS   
2025-08-03 19:43:26 - CLMS_TCF_TreeDensity_RASTER_2021  STEP 4 tif and overviews ==============   
2025-08-03 19:43:26 - CLMS_TCF_TreeDensity_RASTER_2021 : Final file TIF EXISTS   
2025-08-03 19:43:26 - CLMS_TCF_TreeDensity_RASTER_2021_Conf  STEP 4 tif and overviews ==============   
2025-08-03 19:43:26 - CLMS_TCF_TreeDensity_RASTER_2021_Conf : Final file TIF EXISTS   
2025-08-03 19:43:26 - CLMS_TCF_DominantLeafType_RASTER_2021  STEP 4 tif and overviews ==============   
2025-08-03 19:43:26 - CLMS_TCF_DominantLeafType_RASTER_2021 : Final file TIF EXISTS   
2025-08-03 19:43:26 - CLMS_TCF_DominantLeafType_RASTER_2021_Conf  STEP 4 tif and overviews ==============   
2025-08-03 19:43:26 - CLMS_TCF_DominantLeafType_RASTER_2021_Conf : Final file TIF EXISTS   
2025-08-03 19:43:26 - CLMS_CropTypes_RASTER_2021  STEP 4 tif and overviews ==============   
2025-08-03 19:43:26 - CLMS_CropTypes_RASTER_2021 : Final file TIF EXISTS   
2025-08-03 19:43:26 - CLMS_CropTypes_RASTER_2021_Conf  STEP 4 tif and overviews ==============   
2025-08-03 19:43:26 - CLMS_SurfaceSoilMoisture_2024  STEP 4 tif and overviews ==============   
2025-08-03 19:43:26 - CLMS_SurfaceSoilMoisture_2024 : Final file TIF EXISTS   
2025-08-04 05:16:53 - CLMS_CLCplus_RASTER_2023  STEP 4 tif and overviews ==============   
2025-08-04 05:16:53 - CLMS_CLCplus_RASTER_2023confidence  STEP 4 tif and overviews ==============   
2025-08-04 05:16:53 - CLMS_TCF_TreeDensity_RASTER_2021  STEP 4 tif and overviews ==============   
2025-08-04 05:16:53 - CLMS_TCF_TreeDensity_RASTER_2021_Conf  STEP 4 tif and overviews ==============   
2025-08-04 05:16:53 - CLMS_TCF_DominantLeafType_RASTER_2021  STEP 4 tif and overviews ==============   
2025-08-04 05:16:53 - CLMS_TCF_DominantLeafType_RASTER_2021_Conf  STEP 4 tif and overviews ==============   
2025-08-04 05:16:53 - CLMS_CropTypes_RASTER_2021  STEP 4 tif and overviews ==============   
2025-08-04 05:16:53 - CLMS_CropTypes_RASTER_2021_Conf  STEP 4 tif and overviews ==============   
2025-08-04 05:16:53 - CLMS_SurfaceSoilMoisture_2024  STEP 4 tif and overviews ==============   
2025-08-04 05:16:53 - CLMS_Grassland_RASTER_2021  STEP 4 tif and overviews ==============   
2025-08-04 05:16:53 - CLMS_Grassland_RASTER_2021_Conf  STEP 4 tif and overviews ==============   
2025-08-04 06:02:26 - CLMS_CLCplus_RASTER_2023  STEP 4 tif and overviews ==============   
2025-08-04 06:02:26 - CLMS_CLCplus_RASTER_2023 : Final file TIF EXISTS   
2025-08-04 06:02:26 - CLMS_CLCplus_RASTER_2023confidence  STEP 4 tif and overviews ==============   
2025-08-04 06:02:26 - CLMS_CLCplus_RASTER_2023confidence : Final file TIF EXISTS   
2025-08-04 06:02:26 - CLMS_TCF_TreeDensity_RASTER_2021  STEP 4 tif and overviews ==============   
2025-08-04 06:02:26 - CLMS_TCF_TreeDensity_RASTER_2021 : Final file TIF EXISTS   
2025-08-04 06:02:26 - CLMS_TCF_TreeDensity_RASTER_2021_Conf  STEP 4 tif and overviews ==============   
2025-08-04 06:02:26 - CLMS_TCF_TreeDensity_RASTER_2021_Conf : Final file TIF EXISTS   
2025-08-04 06:02:26 - CLMS_TCF_DominantLeafType_RASTER_2021  STEP 4 tif and overviews ==============   
2025-08-04 06:02:26 - CLMS_TCF_DominantLeafType_RASTER_2021 : Final file TIF EXISTS   
2025-08-04 06:02:26 - CLMS_TCF_DominantLeafType_RASTER_2021_Conf  STEP 4 tif and overviews ==============   
2025-08-04 06:02:26 - CLMS_TCF_DominantLeafType_RASTER_2021_Conf : Final file TIF EXISTS   
2025-08-04 06:02:26 - CLMS_CropTypes_RASTER_2021  STEP 4 tif and overviews ==============   
2025-08-04 06:02:26 - CLMS_CropTypes_RASTER_2021 : Final file TIF EXISTS   
2025-08-04 06:02:26 - CLMS_CropTypes_RASTER_2021_Conf  STEP 4 tif and overviews ==============   
2025-08-04 06:02:26 - CLMS_SurfaceSoilMoisture_2024  STEP 4 tif and overviews ==============   
2025-08-04 06:02:26 - CLMS_SurfaceSoilMoisture_2024 : Final file TIF EXISTS   
2025-08-04 06:02:26 - CLMS_Grassland_RASTER_2021  STEP 4 tif and overviews ==============   
2025-08-04 06:05:39 - CLMS_Grassland_RASTER_2021 : FINISHED writing final file TIF   
2025-08-04 06:09:09 - CLMS_Grassland_RASTER_2021_Conf  STEP 4 tif and overviews ==============   
2025-08-04 06:22:10 - CLMS_Grassland_RASTER_2021_Conf : FINISHED writing final file TIF   
