2025-08-03 08:34:21 - CLMS_CLCplus_RASTER_2023 : QUERY - Exists, skipping    
2025-08-03 08:34:21 - CLMS_CLCplus_RASTER_2023confidence : QUERY - Exists, skipping    
2025-08-03 08:34:21 - CLMS_TCF_TreeDensity_RASTER_2021 : QUERY - Exists, skipping    
2025-08-03 08:34:21 - CLMS_TCF_TreeDensity_RASTER_2021_Conf : QUERY - Exists, skipping    
2025-08-03 08:34:21 - CLMS_TCF_DominantLeafType_RASTER_2021 : QUERY - Exists, skipping    
2025-08-03 08:34:21 - CLMS_TCF_DominantLeafType_RASTER_2021_Conf : QUERY - Exists, skipping    
2025-08-03 08:34:21 - CLMS_CropTypes_RASTER_2021 : QUERY - Exists, skipping    
2025-08-03 08:34:21 - CLMS_CropTypes_RASTER_2021_Conf : QUERY - Exists, skipping    
2025-08-03 08:34:21 - CLMS_Grassland_RASTER_2021 : QUERY - Exists, skipping    
2025-08-03 08:34:21 - CLMS_Grassland_RASTER_2021_Conf : QUERY - Querying starting    
2025-08-03 08:40:16 - CLMS_Grassland_RASTER_2021_Conf : QUERY - Querying FINISHED    
2025-08-03 08:40:16 - CLMS_Grassland_RASTER_2021_Conf : QUERY - SAVING...   
2025-08-03 08:40:16 - CLMS_Grassland_RASTER_2021_Conf : QUERY - Querying   finished with   799  results;   
2025-08-03 08:40:16 - CLMS_SurfaceSoilMoisture_2024 : QUERY - Exists, skipping    
2025-08-03 08:40:16 - CLMS_CLCplus_RASTER_2023 :  DOWNLOAD -  799  already done out of  799   
2025-08-03 08:40:16 - CLMS_CLCplus_RASTER_2023 : DOWNLOAD - All Done !=======   
2025-08-03 08:40:16 - CLMS_CLCplus_RASTER_2023confidence :  DOWNLOAD -  799  already done out of  799   
2025-08-03 08:40:16 - CLMS_CLCplus_RASTER_2023confidence : DOWNLOAD - All Done !=======   
2025-08-03 08:40:16 - CLMS_TCF_TreeDensity_RASTER_2021 :  DOWNLOAD -  799  already done out of  799   
2025-08-03 08:40:16 - CLMS_TCF_TreeDensity_RASTER_2021 : DOWNLOAD - All Done !=======   
2025-08-03 08:40:16 - CLMS_TCF_TreeDensity_RASTER_2021_Conf :  DOWNLOAD -  799  already done out of  799   
2025-08-03 08:40:16 - CLMS_TCF_TreeDensity_RASTER_2021_Conf : DOWNLOAD - All Done !=======   
2025-08-03 08:40:16 - CLMS_TCF_DominantLeafType_RASTER_2021 :  DOWNLOAD -  799  already done out of  799   
2025-08-03 08:40:16 - CLMS_TCF_DominantLeafType_RASTER_2021 : DOWNLOAD - All Done !=======   
2025-08-03 08:40:16 - CLMS_TCF_DominantLeafType_RASTER_2021_Conf :  DOWNLOAD -  799  already done out of  799   
2025-08-03 08:40:16 - CLMS_TCF_DominantLeafType_RASTER_2021_Conf : DOWNLOAD - All Done !=======   
2025-08-03 08:40:16 - CLMS_CropTypes_RASTER_2021 :  DOWNLOAD -  799  already done out of  799   
2025-08-03 08:40:16 - CLMS_CropTypes_RASTER_2021 : DOWNLOAD - All Done !=======   
2025-08-03 08:40:16 - CLMS_CropTypes_RASTER_2021_Conf :  DOWNLOAD -  850  already done out of  850   
2025-08-03 08:40:16 - CLMS_CropTypes_RASTER_2021_Conf : DOWNLOAD - All Done !=======   
2025-08-03 08:40:16 - CLMS_SurfaceSoilMoisture_2024 :  DOWNLOAD -  687  already done out of  732   
2025-08-03 08:40:16 - CLMS_SurfaceSoilMoisture_2024 : DOWNLOAD -  687  already done out of  732   
2025-08-03 08:40:16 - CLMS_SurfaceSoilMoisture_2024 : DOWNLOAD -  45  to do be done out of  732   
2025-08-03 08:44:15 - CLMS_SurfaceSoilMoisture_2024 : DOWNLOAD - %%%%%%%%% FINISHED download %%%%%%%%%%%%%%%   
2025-08-03 08:44:15 - CLMS_Grassland_RASTER_2021 : DOWNLOAD   - Creating directory  /archivio/shared/geodati/raster/CLMS_Grassland_RASTER_2021   
2025-08-03 08:44:15 - CLMS_Grassland_RASTER_2021 : DOWNLOAD Creating TIF directory  /archivio/shared/geodati/raster/CLMS_Grassland_RASTER_2021/TIFFs   
2025-08-03 08:44:15 - CLMS_Grassland_RASTER_2021 :  DOWNLOAD -  0  already done out of  799   
2025-08-03 08:44:15 - CLMS_Grassland_RASTER_2021 : DOWNLOAD -  0  already done out of  799   
2025-08-03 08:44:15 - CLMS_Grassland_RASTER_2021 : DOWNLOAD -  799  to do be done out of  799   
2025-08-03 12:24:15 - DOWNLOAD: sleeping 12 secs to retry to download the  11  files with errors   
2025-08-03 12:24:27 - CLMS_Grassland_RASTER_2021 : DOWNLOAD -  788  already done out of  799   
2025-08-03 12:24:27 - CLMS_Grassland_RASTER_2021 : DOWNLOAD -  11  to do be done out of  799   
2025-08-03 12:27:25 - DOWNLOAD: sleeping 12 secs to retry to download the  1  files with errors   
2025-08-03 12:27:37 - CLMS_Grassland_RASTER_2021 : DOWNLOAD -  798  already done out of  799   
2025-08-03 12:27:37 - CLMS_Grassland_RASTER_2021 : DOWNLOAD -  1  to do be done out of  799   
2025-08-03 12:27:57 - CLMS_Grassland_RASTER_2021 : DOWNLOAD - %%%%%%%%% FINISHED download %%%%%%%%%%%%%%%   
2025-08-03 12:27:57 - CLMS_Grassland_RASTER_2021_Conf : DOWNLOAD   - Creating directory  /archivio/shared/geodati/raster/CLMS_Grassland_RASTER_2021_Conf   
2025-08-03 12:27:57 - CLMS_Grassland_RASTER_2021_Conf : DOWNLOAD Creating TIF directory  /archivio/shared/geodati/raster/CLMS_Grassland_RASTER_2021_Conf/TIFFs   
2025-08-03 12:27:57 - CLMS_Grassland_RASTER_2021_Conf :  DOWNLOAD -  0  already done out of  799   
2025-08-03 12:27:57 - CLMS_Grassland_RASTER_2021_Conf : DOWNLOAD -  0  already done out of  799   
2025-08-03 12:27:57 - CLMS_Grassland_RASTER_2021_Conf : DOWNLOAD -  799  to do be done out of  799   
2025-08-03 18:12:47 - DOWNLOAD: sleeping 12 secs to retry to download the  14  files with errors   
2025-08-03 18:12:59 - CLMS_Grassland_RASTER_2021_Conf : DOWNLOAD -  785  already done out of  799   
2025-08-03 18:12:59 - CLMS_Grassland_RASTER_2021_Conf : DOWNLOAD -  14  to do be done out of  799   
2025-08-03 18:19:23 - CLMS_Grassland_RASTER_2021_Conf : DOWNLOAD - %%%%%%%%% FINISHED download %%%%%%%%%%%%%%%   
