2025-11-30 08:58:46 - CLMS_CLCplus_RASTER_2023 : QUERY - Querying starting    
2025-11-30 08:58:54 - CLMS_CLCplus_RASTER_2023 : QUERY - Querying FINISHED    
2025-11-30 08:58:54 - CLMS_CLCplus_RASTER_2023 : QUERY - too few matches   
2025-11-30 08:58:54 - CLMS_CLCplus_RASTER_2023confidence : QUERY - Querying starting    
2025-11-30 08:59:12 - CLMS_CLCplus_RASTER_2023 : QUERY - Exists, skipping    
2025-11-30 08:59:12 - CLMS_CLCplus_RASTER_2023confidence : QUERY - Querying starting    
2025-11-30 08:59:20 - CLMS_CLCplus_RASTER_2023confidence : QUERY - Querying FINISHED    
2025-11-30 08:59:20 - CLMS_CLCplus_RASTER_2023confidence : QUERY - too few matches   
2025-11-30 08:59:20 - CLMS_TCF_TreeDensity_RASTER_2023 : QUERY - Querying starting    
2025-11-30 08:59:29 - CLMS_TCF_TreeDensity_RASTER_2023 : QUERY - Querying FINISHED    
2025-11-30 08:59:29 - CLMS_TCF_TreeDensity_RASTER_2023 : QUERY - too few matches   
2025-11-30 08:59:29 - CLMS_TCF_TreeDensity_RASTER_2021 : QUERY - Querying starting    
2025-11-30 08:59:44 - CLMS_CLCplus_RASTER_2023 : QUERY - Exists, skipping    
2025-11-30 08:59:44 - CLMS_CLCplus_RASTER_2023confidence : QUERY - Exists, skipping    
2025-11-30 08:59:44 - CLMS_TCF_TreeDensity_RASTER_2023 : QUERY - Exists, skipping    
2025-11-30 08:59:44 - CLMS_TCF_TreeDensity_RASTER_2021 : QUERY - Querying starting    
2025-11-30 08:59:59 - CLMS_CLCplus_RASTER_2023 : QUERY - Exists, skipping    
2025-11-30 08:59:59 - CLMS_CLCplus_RASTER_2023confidence : QUERY - Exists, skipping    
2025-11-30 08:59:59 - CLMS_TCF_TreeDensity_RASTER_2023 : QUERY - Querying starting    
2025-11-30 09:00:20 - CLMS_TCF_TreeDensity_RASTER_2023 : QUERY - Querying starting    
